<?xml version="1.0" encoding="UTF-8"?>
<!-- Generated by org.testng.reporters.JUnitReportReporter -->
<testsuite hostname="DESKTOP-NFU91QR" failures="0" tests="1" name="readPDF.ReadPDFsWithPDFBox" time="0.298" errors="0" timestamp="2022-07-14T19:12:50 IST" skipped="0">
  <testcase classname="readPDF.ReadPDFsWithPDFBox" name="readTextFromPDF" time="0.298"/>
  <system-out/>
</testsuite> <!-- readPDF.ReadPDFsWithPDFBox -->
